
2020-03-31 13:43:17.192090

From https://github.com/CSSEGISandData/COVID-19
 * branch              master     -> FETCH_HEAD
pullprocess.returncode: 0
	CSSE data successfully downloaded

	Spain's data successfully downloaded
	Colombia's data successfully downloaded

2020-03-31 13:44:12.031698

From https://github.com/CSSEGISandData/COVID-19
 * branch              master     -> FETCH_HEAD
pullprocess.returncode: 0
	CSSE data successfully downloaded

	Spain's data successfully downloaded
	Colombia's data successfully downloaded

2020-03-31 13:44:52.029439

From https://github.com/CSSEGISandData/COVID-19
 * branch              master     -> FETCH_HEAD
pullprocess.returncode: 0
	CSSE data successfully downloaded

	Spain's data successfully downloaded
	Colombia's data successfully downloaded

2020-03-31 13:45:34.183011

From https://github.com/CSSEGISandData/COVID-19
 * branch              master     -> FETCH_HEAD
pullprocess.returncode: 0
	CSSE data successfully downloaded

	Spain's data successfully downloaded
	Colombia's data successfully downloaded

2020-03-31 13:46:14.332892

From https://github.com/CSSEGISandData/COVID-19
 * branch              master     -> FETCH_HEAD
pullprocess.returncode: 0
	CSSE data successfully downloaded

	Spain's data successfully downloaded
	Colombia's data successfully downloaded

2020-03-31 13:47:04.231405

From https://github.com/CSSEGISandData/COVID-19
 * branch              master     -> FETCH_HEAD
pullprocess.returncode: 0
	CSSE data successfully downloaded

	Spain's data successfully downloaded
	Colombia's data successfully downloaded

2020-03-31 13:47:39.439479

From https://github.com/CSSEGISandData/COVID-19
 * branch              master     -> FETCH_HEAD
pullprocess.returncode: 0
	CSSE data successfully downloaded

	Spain's data successfully downloaded
	Colombia's data successfully downloaded

2020-03-31 13:48:14.632790

From https://github.com/CSSEGISandData/COVID-19
 * branch              master     -> FETCH_HEAD
pullprocess.returncode: 0
	CSSE data successfully downloaded

	Spain's data successfully downloaded
	Colombia's data successfully downloaded
